<?xml version="1.0" encoding="UTF-8"?>
<!-- Generated by org.testng.reporters.JUnitReportReporter -->
<testsuite hostname="DESKTOP-R91SOAT" failures="0" tests="1" name="Com.NopCommerce.TestCases.TC04_NC_LoginData_TestCase" time="0.000" errors="0" timestamp="2023-01-25T17:42:37 IST" skipped="1">
  <testcase classname="Com.NopCommerce.TestCases.TC04_NC_LoginData_TestCase" name="LoginData" time="0.000">
    <skipped/>
  </testcase> <!-- LoginData -->
  <system-out/>
</testsuite> <!-- Com.NopCommerce.TestCases.TC04_NC_LoginData_TestCase -->
