<?xml version="1.0" encoding="UTF-8"?>
<!-- Generated by org.testng.reporters.JUnitReportReporter -->
<testsuite hostname="DESKTOP-R91SOAT" failures="0" tests="1" name="Com.NopCommerce.TestCases.TC03_NC_Registration_TestCase" time="17.633" errors="0" timestamp="2023-01-25T22:24:51 IST" skipped="0">
  <testcase classname="Com.NopCommerce.TestCases.TC03_NC_Registration_TestCase" name="Registration" time="17.633"/>
  <system-out/>
</testsuite> <!-- Com.NopCommerce.TestCases.TC03_NC_Registration_TestCase -->
